<?xml version="1.0" encoding="utf-8" standalone="no"?>
<!--This file represents the results of running a test suite-->
<test-results name="C:\PandaGit\ClientsAutomation\Tests\bin\Debug\Tests.dll" total="0" errors="0" failures="0" not-run="0" inconclusive="0" ignored="0" skipped="0" invalid="0" date="2015-12-07" time="11:26:34">
  <environment nunit-version="2.6.4.14350" clr-version="2.0.50727.8009" os-version="Microsoft Windows NT 6.2.9200.0" platform="Win32NT" cwd="C:\Users\raluca.nanea\Desktop\NUnit-2.6.4 (2)\NUnit-2.6.4\bin" machine-name="RALUCA" user="raluca.nanea" user-domain="Raluca" />
  <culture-info current-culture="en-US" current-uiculture="en-US" />
  <test-suite type="Assembly" name="C:\PandaGit\ClientsAutomation\Tests\bin\Debug\Tests.dll" executed="True" result="Inconclusive" success="False" time="0.001" asserts="0">
    <results>
      <test-suite type="Namespace" name="Tests" executed="True" result="Inconclusive" success="False" time="0.001" asserts="0">
        <results>
          <test-suite type="TestFixture" name="TestsVePrompt" executed="True" result="Inconclusive" success="False" time="0.000" asserts="0">
            <results>
              <test-suite type="ParameterizedTest" name="TestVePromptPopUpOnCartPage" executed="True" result="Inconclusive" success="False" time="0.000" asserts="0" />
            </results>
          </test-suite>
        </results>
      </test-suite>
    </results>
  </test-suite>
</test-results>