<?xml version="1.0" encoding="utf-8" standalone="no"?>
<!--This file represents the results of running a test suite-->
<test-results name="C:\Users\Raluca\Documents\Workspace HK\DEVELOPMENT\NUnitAutomationFramework\NUnitAutomationFramework\bin\Debug\NUnitAutomationFramework.dll" total="1" errors="0" failures="1" not-run="0" inconclusive="0" ignored="0" skipped="0" invalid="0" date="2015-11-12" time="12:52:37">
  <environment nunit-version="2.6.4.14350" clr-version="2.0.50727.8000" os-version="Microsoft Windows NT 6.2.9200.0" platform="Win32NT" cwd="C:\Program Files (x86)\NUnit 2.6.4\bin" machine-name="VE-ASIA-012" user="Raluca" user-domain="VE-ASIA-012" />
  <culture-info current-culture="en-US" current-uiculture="en-US" />
  <test-suite type="Assembly" name="C:\Users\Raluca\Documents\Workspace HK\DEVELOPMENT\NUnitAutomationFramework\NUnitAutomationFramework\bin\Debug\NUnitAutomationFramework.dll" executed="True" result="Failure" success="False" time="137.006" asserts="0">
    <results>
      <test-suite type="Namespace" name="NUnitAutomationFramework" executed="True" result="Failure" success="False" time="136.980" asserts="0">
        <results>
          <test-suite type="TestFixture" name="TestsVePrompt" executed="True" result="Failure" success="False" time="136.977" asserts="0">
            <results>
              <test-case name="NUnitAutomationFramework.TestsVePrompt.TestVePromptPopUpOnCartPage" executed="True" result="Failure" success="False" time="133.924" asserts="2">
                <failure>
                  <message><![CDATA[  VePrompt didn't pop up
  Expected: True
  But was:  False
]]></message>
                  <stack-trace><![CDATA[at NUnitAutomationFramework.TestsVePrompt.TestVePromptPopUpOnCartPage() in c:\Users\Raluca\Documents\Workspace HK\DEVELOPMENT\NUnitAutomationFramework\NUnitAutomationFramework\TestsVePrompt.cs:line 58
]]></stack-trace>
                </failure>
              </test-case>
            </results>
          </test-suite>
        </results>
      </test-suite>
    </results>
  </test-suite>
</test-results>